Lmod has detected the following error: The following module(s) are unknown:
"Anaconda3/2023.05"

Please check the spelling or version number. Also try "module spider ..."
It is also possible your cache file is out-of-date; it may help to try:
  $ module --ignore_cache load "Anaconda3/2023.05"

Also make sure that all modulefiles written in TCL start with the string
#%Module



/var/spool/slurm/slurmd/job5366605/slurm_script: line 16: conda: command not found

JOB STATISTICS
==============
Job ID: 5366605
Cluster: snellius
User/Group: flaitenberger/flaitenberger
State: RUNNING
Nodes: 1
Cores per node: 18
CPU Utilized: 00:00:00
CPU Efficiency: 0.00% of 00:03:18 core-walltime
Job Wall-clock time: 00:00:11
Memory Utilized: 0.00 MB (estimated maximum)
Memory Efficiency: 0.00% of 120.00 GB (120.00 GB/node)
WARNING: Efficiency statistics may be misleading for RUNNING jobs.
